0 info it worked if it ends with ok
1 verbose cli [ 'C:\\Program Files\\nodejs\\node.exe',
1 verbose cli   'C:\\Program Files\\nodejs\\node_modules\\npm\\bin\\npm-cli.js',
1 verbose cli   'start' ]
2 info using npm@4.0.5
3 info using node@v7.4.0
4 verbose run-script [ 'prestart', 'start', 'poststart' ]
5 info lifecycle react-news@0.1.0~prestart: react-news@0.1.0
6 silly lifecycle react-news@0.1.0~prestart: no script for prestart, continuing
7 info lifecycle react-news@0.1.0~start: react-news@0.1.0
8 verbose lifecycle react-news@0.1.0~start: unsafe-perm in lifecycle true
9 verbose lifecycle react-news@0.1.0~start: PATH: C:\Program Files\nodejs\node_modules\npm\bin\node-gyp-bin;C:\Users\Shekh\Documents\LocalDevStudio\ReviewComments\node_modules\.bin;C:\Program Files\NVIDIA GPU Computing Toolkit\CUDA\v8.0\bin;C:\Program Files\NVIDIA GPU Computing Toolkit\CUDA\v8.0\libnvvp;C:\Program Files\Docker\Docker\Resources\bin;C:\Program Files\Microsoft MPI\Bin\;C:\ProgramData\Oracle\Java\javapath;C:\Program Files (x86)\Intel\iCLS Client\;C:\Program Files\Intel\iCLS Client\;C:\WINDOWS\system32;C:\WINDOWS;C:\WINDOWS\System32\Wbem;C:\WINDOWS\System32\WindowsPowerShell\v1.0\;C:\Program Files (x86)\Intel\Intel(R) Management Engine Components\DAL;C:\Program Files\Intel\Intel(R) Management Engine Components\DAL;C:\Program Files (x86)\Intel\Intel(R) Management Engine Components\IPT;C:\Program Files\Intel\Intel(R) Management Engine Components\IPT;C:\Program Files (x86)\NVIDIA Corporation\PhysX\Common;C:\Program Files\Microsoft SQL Server\130\Tools\Binn\;C:\Program Files (x86)\GtkSharp\2.12\bin;C:\Program Files (x86)\PuTTY\;C:\Program Files\Git LFS;C:\Program Files\nodejs\;C:\Program Files (x86)\VMware\VMware Player\x64;C:\Program Files (x86)\VMware\VMware Player;C:\Program Files\MongoDB\Server\3.4\bin;C:\Program Files\Redis\;C:\Users\Shekh\Documents\LocalDevStudio\td_hELLOTALK;C:\Program Files (x86)\Java\jre1.8.0_121\bin;C:\Program Files\Java\jre1.8.0_121\bin;C:\Program Files (x86)\Android\android-sdk\platform-tools;C:\Users\Shekh\Desktop\New folder\dex2jar-2.0;C:\Program Files\CMake\bin;C:\Program Files\LLVM\bin;C:\mingw64\bin;C:\Program Files (x86)\Microsoft Visual Studio\2017\Enterprise\VC\Tools\MSVC\14.10.24728\bin\HostX64\x64;C:\Program Files\dotnet\;C:\Program Files\Git\cmd;C:\Program Files (x86)\Microsoft Emulator Manager\1.0\;C:\Program Files (x86)\Bitvise SSH Client;C:\WINDOWS\system32;C:\WINDOWS;C:\WINDOWS\System32\Wbem;C:\WINDOWS\System32\WindowsPowerShell\v1.0\;C:\Program Files\Anaconda3;C:\Program Files\Anaconda3\Scripts;C:\Program Files\Anaconda3\Library\bin;C:\Program Files\Anaconda2;C:\Program Files\Anaconda2\Scripts;C:\Program Files\Anaconda2\Library\bin;C:\Program Files (x86)\Anaconda3;C:\Program Files (x86)\Anaconda3\Scripts;C:\Program Files (x86)\Anaconda3\Library\bin;C:\Program Files (x86)\Anaconda2;C:\Program Files (x86)\Anaconda2\Scripts;C:\Program Files (x86)\Anaconda2\Library\bin;C:\Program Files (x86)\Skype\Phone\;C:\Program Files (x86)\Yarn\bin;C:\Users\Shekh\AppData\Local\Microsoft\WindowsApps;C:\Users\Shekh\AppData\Roaming\npm;C:\Users\Shekh\AppData\Local\Yarn\bin
10 verbose lifecycle react-news@0.1.0~start: CWD: C:\Users\Shekh\Documents\LocalDevStudio\ReviewComments
11 silly lifecycle react-news@0.1.0~start: Args: [ '/d /s /c', 'node server.js' ]
12 verbose stack Error: kill ENOSYS
12 verbose stack     at exports._errnoException (util.js:1022:11)
12 verbose stack     at process.kill (internal/process.js:173:13)
12 verbose stack     at process.listener (C:\Program Files\nodejs\node_modules\npm\node_modules\npmlog\node_modules\gauge\node_modules\signal-exit\index.js:86:15)
12 verbose stack     at emitNone (events.js:91:20)
12 verbose stack     at process.emit (events.js:185:7)
12 verbose stack     at processEmit (C:\Program Files\nodejs\node_modules\npm\node_modules\npmlog\node_modules\gauge\node_modules\signal-exit\index.js:146:32)
12 verbose stack     at processEmit (C:\Program Files\nodejs\node_modules\npm\node_modules\npm-registry-client\node_modules\npmlog\node_modules\gauge\node_modules\signal-exit\index.js:146:32)
12 verbose stack     at Signal.wrap.onsignal (internal/process.js:200:44)
13 verbose cwd C:\Users\Shekh\Documents\LocalDevStudio\ReviewComments
14 error Windows_NT 10.0.16237
15 error argv "C:\\Program Files\\nodejs\\node.exe" "C:\\Program Files\\nodejs\\node_modules\\npm\\bin\\npm-cli.js" "start"
16 error node v7.4.0
17 error npm  v4.0.5
18 error code ENOSYS
19 error errno ENOSYS
20 error syscall kill
21 error kill ENOSYS
22 error If you need help, you may report this error at:
22 error     <https://github.com/npm/npm/issues>
23 verbose exit [ 1, true ]
